<?xml version="1.0" encoding="UTF-8"?>
<!-- Generated by org.testng.reporters.JUnitReportReporter -->
<testsuite hostname="DESKTOP-4C6DHLE" failures="0" tests="5" name="Test.basic3" time="0.016" errors="0" timestamp="2022-11-18T14:30:01 IST" skipped="0">
  <testcase classname="Test.basic3" name="Demo7" time="0.004"/>
  <system-out/>
  <testcase classname="Test.basic3" name="Demo5" time="0.005"/>
  <system-out/>
  <testcase classname="Test.basic3" name="data" time="0.003"/>
  <system-out/>
  <testcase classname="Test.basic3" name="data" time="0.003"/>
  <system-out/>
  <testcase classname="Test.basic3" name="data" time="0.001"/>
  <system-out/>
</testsuite> <!-- Test.basic3 -->
