<?xml version="1.0" encoding="UTF-8"?>
<!-- Generated by org.testng.reporters.JUnitReportReporter -->
<testsuite hostname="DESKTOP-4C6DHLE" failures="0" tests="3" name="Test.basic2" time="0.014" errors="0" timestamp="2022-11-18T14:30:01 IST" skipped="1">
  <testcase classname="Test.basic2" name="abssss" time="0.009"/>
  <system-out/>
  <testcase classname="Test.basic2" name="Demo4" time="0.005"/>
  <system-out/>
  <testcase classname="Test.basic2" name="Demo1">
    <skipped/>
  </testcase> <!-- Demo1 -->
  <system-out/>
</testsuite> <!-- Test.basic2 -->
