<?xml version="1.0" encoding="UTF-8"?>
<!-- Generated by org.testng.reporters.JUnitReportReporter -->
<testsuite hostname="DESKTOP-4C6DHLE" failures="0" tests="1" name="Test.basic" time="0.011" errors="0" timestamp="2022-11-18T14:30:01 IST" skipped="0">
  <testcase classname="Test.basic" name="Demo" time="0.011"/>
  <system-out/>
</testsuite> <!-- Test.basic -->
